<?xml version="1.0" encoding="UTF-8"?>
<!-- Generated by org.testng.reporters.JUnitXMLReporter -->
<testsuite ignored="0" hostname="LAPTOP-F0CTPNJN" failures="0" tests="4" name="Default test" time="40.065" errors="0" timestamp="2021-05-03T14:58:38 IST">
  <testcase classname="com.flipkart.testcases.VerifyFlipkartLogin" name="checkValidUser" time="8.631"/>
  <testcase classname="com.flipkart.testcases.VerifyFlipkartLogin" name="checkValidUser" time="10.994"/>
  <testcase classname="com.flipkart.testcases.VerifyFlipkartLogin" name="checkValidUser" time="8.335"/>
  <testcase classname="com.flipkart.testcases.VerifyFlipkartLogin" name="checkValidUser" time="8.044"/>
</testsuite> <!-- Default test -->
