<?xml version="1.0" encoding="UTF-8"?>
<testng-results ignored="0" total="4" passed="4" failed="0" skipped="0">
  <reporter-output>
  </reporter-output>
  <suite started-at="2021-05-03T14:57:58 IST" name="Default suite" finished-at="2021-05-03T14:58:38 IST" duration-ms="40065">
    <groups>
    </groups>
    <test started-at="2021-05-03T14:57:58 IST" name="Default test" finished-at="2021-05-03T14:58:38 IST" duration-ms="40065">
      <class name="com.flipkart.testcases.VerifyFlipkartLogin">
        <test-method is-config="true" signature="startTest()[pri:0, instance:com.flipkart.testcases.VerifyFlipkartLogin@460d0a57]" started-at="2021-05-03T14:57:58 IST" name="startTest" finished-at="2021-05-03T14:57:58 IST" duration-ms="248" status="PASS">
          <reporter-output>
          </reporter-output>
        </test-method> <!-- startTest -->
        <test-method signature="checkValidUser(java.lang.String, java.lang.String)[pri:0, instance:com.flipkart.testcases.VerifyFlipkartLogin@460d0a57]" started-at="2021-05-03T14:57:59 IST" name="checkValidUser" data-provider="loginCredentials" finished-at="2021-05-03T14:58:07 IST" duration-ms="8631" status="PASS">
          <params>
            <param index="0">
              <value>
                <![CDATA[9040513191]]>
              </value>
            </param>
            <param index="1">
              <value>
                <![CDATA[Bikash@1997]]>
              </value>
            </param>
          </params>
          <reporter-output>
          </reporter-output>
        </test-method> <!-- checkValidUser -->
        <test-method is-config="true" signature="tearDown()[pri:0, instance:com.flipkart.testcases.VerifyFlipkartLogin@460d0a57]" started-at="2021-05-03T14:58:07 IST" name="tearDown" finished-at="2021-05-03T14:58:08 IST" duration-ms="803" status="PASS">
          <reporter-output>
          </reporter-output>
        </test-method> <!-- tearDown -->
        <test-method signature="checkValidUser(java.lang.String, java.lang.String)[pri:0, instance:com.flipkart.testcases.VerifyFlipkartLogin@460d0a57]" started-at="2021-05-03T14:58:08 IST" name="checkValidUser" data-provider="loginCredentials" finished-at="2021-05-03T14:58:19 IST" duration-ms="10994" status="PASS">
          <params>
            <param index="0">
              <value>
                <![CDATA[8658828026]]>
              </value>
            </param>
            <param index="1">
              <value>
                <![CDATA[Bikash@1997]]>
              </value>
            </param>
          </params>
          <reporter-output>
          </reporter-output>
        </test-method> <!-- checkValidUser -->
        <test-method is-config="true" signature="tearDown()[pri:0, instance:com.flipkart.testcases.VerifyFlipkartLogin@460d0a57]" started-at="2021-05-03T14:58:19 IST" name="tearDown" finished-at="2021-05-03T14:58:20 IST" duration-ms="771" status="PASS">
          <reporter-output>
          </reporter-output>
        </test-method> <!-- tearDown -->
        <test-method signature="checkValidUser(java.lang.String, java.lang.String)[pri:0, instance:com.flipkart.testcases.VerifyFlipkartLogin@460d0a57]" started-at="2021-05-03T14:58:20 IST" name="checkValidUser" data-provider="loginCredentials" finished-at="2021-05-03T14:58:28 IST" duration-ms="8335" status="PASS">
          <params>
            <param index="0">
              <value>
                <![CDATA[bikashdubey42@gmail.com]]>
              </value>
            </param>
            <param index="1">
              <value>
                <![CDATA[admin123]]>
              </value>
            </param>
          </params>
          <reporter-output>
          </reporter-output>
        </test-method> <!-- checkValidUser -->
        <test-method is-config="true" signature="tearDown()[pri:0, instance:com.flipkart.testcases.VerifyFlipkartLogin@460d0a57]" started-at="2021-05-03T14:58:28 IST" name="tearDown" finished-at="2021-05-03T14:58:29 IST" duration-ms="710" status="PASS">
          <reporter-output>
          </reporter-output>
        </test-method> <!-- tearDown -->
        <test-method signature="checkValidUser(java.lang.String, java.lang.String)[pri:0, instance:com.flipkart.testcases.VerifyFlipkartLogin@460d0a57]" started-at="2021-05-03T14:58:29 IST" name="checkValidUser" data-provider="loginCredentials" finished-at="2021-05-03T14:58:37 IST" duration-ms="8044" status="PASS">
          <params>
            <param index="0">
              <value>
                <![CDATA[bikash42]]>
              </value>
            </param>
            <param index="1">
              <value>
                <![CDATA[Bikash]]>
              </value>
            </param>
          </params>
          <reporter-output>
          </reporter-output>
        </test-method> <!-- checkValidUser -->
        <test-method is-config="true" signature="tearDown()[pri:0, instance:com.flipkart.testcases.VerifyFlipkartLogin@460d0a57]" started-at="2021-05-03T14:58:37 IST" name="tearDown" finished-at="2021-05-03T14:58:38 IST" duration-ms="744" status="PASS">
          <reporter-output>
          </reporter-output>
        </test-method> <!-- tearDown -->
        <test-method is-config="true" signature="endTest()[pri:0, instance:com.flipkart.testcases.VerifyFlipkartLogin@460d0a57]" started-at="2021-05-03T14:58:38 IST" name="endTest" finished-at="2021-05-03T14:58:38 IST" duration-ms="218" status="PASS">
          <reporter-output>
          </reporter-output>
        </test-method> <!-- endTest -->
      </class> <!-- com.flipkart.testcases.VerifyFlipkartLogin -->
    </test> <!-- Default test -->
  </suite> <!-- Default suite -->
</testng-results>
