<?xml version="1.0" encoding="UTF-8"?>
<!-- Generated by org.testng.reporters.JUnitXMLReporter -->
<testsuite ignored="0" hostname="LAPTOP-F0CTPNJN" failures="0" tests="4" name="Test" time="35.276" errors="0" timestamp="2021-05-03T12:42:40 IST">
  <testcase classname="com.flipkart.testcases.VerifyFlipkartLogin" name="checkValidUser" time="7.973"/>
  <testcase classname="com.flipkart.testcases.VerifyFlipkartLogin" name="checkValidUser" time="7.814"/>
  <testcase classname="com.flipkart.testcases.VerifyFlipkartLogin" name="checkValidUser" time="7.737"/>
  <testcase classname="com.flipkart.testcases.VerifyFlipkartLogin" name="checkValidUser" time="7.683"/>
</testsuite> <!-- Test -->
